<?xml version="1.0" encoding="UTF-8"?>
<!-- Generated by org.testng.reporters.JUnitReportReporter -->
<testsuite skipped="0" hostname="R90N138Y" name="tests.Baseclass" tests="1" failures="0" timestamp="2019-10-01T13:37:35 PDT" time="0.008" errors="0">
  <testcase name="sampleTest" time="0.008" classname="tests.Baseclass"/>
</testsuite> <!-- tests.Baseclass -->
