<?xml version="1.0" encoding="UTF-8"?>
<!-- Generated by org.testng.reporters.JUnitReportReporter -->
<testsuite skipped="0" hostname="R90N138Y" name="tests.Tests" tests="2" failures="0" timestamp="2019-10-01T13:38:13 PDT" time="12.398" errors="0">
  <testcase name="sampleTest" time="0.024" classname="tests.Tests"/>
  <testcase name="testOne" time="12.374" classname="tests.Tests"/>
</testsuite> <!-- tests.Tests -->
